
  ___  ____  ____  ____  ____ ©
 /__    /   ____/   /   ____/      17.0
___/   /   /___/   /   /___/       SE—Standard Edition

 Statistics and Data Science       Copyright 1985-2021 StataCorp LLC
                                   StataCorp
                                   4905 Lakeway Drive
                                   College Station, Texas 77845 USA
                                   800-STATA-PC        https://www.stata.com
                                   979-696-4600        stata@stata.com

Stata license: 100-student lab perpetual
Serial number: 401706316154
  Licensed to: Zo Andriantomanga
               University of Wisconsin-Milwaukee

Notes:
      1. Stata is running in batch mode.
      2. Unicode is supported; see help unicode_advice.
      3. Maximum number of variables is set to 5,000; see help set_maxvar.

. do code/6.4_LP_EMU20_vs_EU7.do 

. 
. * Phase 3 — Step 4: EMU20 vs EU7 IRF Overlay
. * Run from the code/ directory:
. *   cd code && do 6.4_LP_EMU20_vs_EU7.do
. *
. * Runs the baseline LP-IV on EMU20 and EU7 in a single pass and
. * overlays both IRFs on the same axes. The comparison is the
. * cleanest test of the EMU identification: if second-round
. * pass-through is driven by the monetary union constraint, the
. * EMU20 IRF should dominate the EU7 IRF, particularly at the
. * short-to-medium horizon where the common monetary policy
. * prevents offsetting the initial tradable price shock.
. 
. cap cd code

. 
. clear all

. cap drop _all

. cap graph drop _all

. 
. *============================================================================
> ===
. * Graph Settings
. *============================================================================
> ===
. grstyle clear

. set scheme s2color

. grstyle init

. grstyle set plain, horizontal grid

. grstyle set symbol

. grstyle set legend 10, inside nobox

. 
. *============================================================================
> ===
. * Load full panel
. *============================================================================
> ===
. use "../data/clean/panel.dta"

. 
. egen id = group(code)

. sort code year month

. gen time = ym(year, month)

. format time %tm

. xtset id time

Panel variable: id (strongly balanced)
 Time variable: time, 1998m1 to 2025m12
         Delta: 1 month

. 
. *============================================================================
> ===
. * Tradable & Non-Tradable Inflation
. *============================================================================
> ===
. 
. gen w_trad = w_food + w_clothing + w_furnishing + w_transport + w_alcohol

. 
. gen pi_trad = (pi_food        * w_food        ///
>              + pi_clothing    * w_clothing     ///
>              + pi_furnishing  * w_furnishing   ///
>              + pi_transport   * w_transport    ///
>              + pi_alcohol     * w_alcohol)     ///
>              / w_trad
(12 missing values generated)

. 
. label var pi_trad "Tradable Inflation"

. 
. gen w_nontrad = w_housing + w_health + w_education ///
>               + w_restaurants + w_other             ///
>               + w_communication + w_recreation

. 
. gen pi_nontrad = (pi_housing       * w_housing       ///
>                 + pi_health        * w_health        ///
>                 + pi_education     * w_education     ///
>                 + pi_restaurants   * w_restaurants   ///
>                 + pi_other         * w_other         ///
>                 + pi_communication * w_communication ///
>                 + pi_recreation    * w_recreation)   ///
>                 / w_nontrad
(47 missing values generated)

. 
. label var pi_nontrad "Non-Tradable Inflation"

. 
. gen Z_bartik = w_trad * bh_oil_price_exp_shock
(864 missing values generated)

. label var Z_bartik "Bartik IV: Tradables Weight x BH Oil Price Shock"

. 
. global hmax = 13

. global lags  = 12

. 
. * ── Forward LHS Variables ──────────────────────────────────────────────────
> ───
. forv h = 0/$hmax {
  2.     gen pi_nt_h`h' = F`h'.pi_nontrad
  3.     label var pi_nt_h`h' "Non-Tradable Inflation, horizon h=`h'"
  4. }
(47 missing values generated)
(72 missing values generated)
(97 missing values generated)
(122 missing values generated)
(147 missing values generated)
(172 missing values generated)
(197 missing values generated)
(222 missing values generated)
(247 missing values generated)
(272 missing values generated)
(297 missing values generated)
(322 missing values generated)
(347 missing values generated)
(373 missing values generated)

. 
. * ── IRF Storage ────────────────────────────────────────────────────────────
> ───
. cap drop Months Zero

. foreach stub in emu eu7 {
  2.     cap drop b_`stub' u90_`stub' d90_`stub' u68_`stub' d68_`stub' Fstat_`s
> tub'
  3.     gen b_`stub'     = .
  4.     gen u90_`stub'   = .
  5.     gen d90_`stub'   = .
  6.     gen u68_`stub'   = .
  7.     gen d68_`stub'   = .
  8.     gen Fstat_`stub' = .
  9. }
(9,072 missing values generated)
(9,072 missing values generated)
(9,072 missing values generated)
(9,072 missing values generated)
(9,072 missing values generated)
(9,072 missing values generated)
(9,072 missing values generated)
(9,072 missing values generated)
(9,072 missing values generated)
(9,072 missing values generated)
(9,072 missing values generated)
(9,072 missing values generated)

. gen Months = _n - 1 if _n <= $hmax + 1
(9,058 missing values generated)

. gen Zero   = 0      if _n <= $hmax + 1
(9,058 missing values generated)

. 
. * ── LP-IV: EMU20 ───────────────────────────────────────────────────────────
> ───
. qui forv h = 0/$hmax {

. 
. * ── LP-IV: EU7 ─────────────────────────────────────────────────────────────
> ───
. qui forv h = 0/$hmax {

. 
. * ── Diagnostics ────────────────────────────────────────────────────────────
> ───
. di ""


. di "KP F — EMU20:"
KP F — EMU20:

. list Months Fstat_emu if Months != .

      +-------------------+
      | Months   Fstat_~u |
      |-------------------|
   1. |      0   208.5761 |
   2. |      1   208.5761 |
   3. |      2   208.5761 |
   4. |      3   208.5761 |
   5. |      4   208.5761 |
      |-------------------|
   6. |      5   208.5761 |
   7. |      6   208.5761 |
   8. |      7   208.5761 |
   9. |      8   208.5761 |
  10. |      9   208.5761 |
      |-------------------|
  11. |     10   208.5761 |
  12. |     11   208.5761 |
  13. |     12   208.5761 |
  14. |     13   208.5761 |
      +-------------------+

. di ""


. di "KP F — EU7:"
KP F — EU7:

. list Months Fstat_eu7 if Months != .

      +-------------------+
      | Months   Fstat_~7 |
      |-------------------|
   1. |      0   50.30397 |
   2. |      1   50.30397 |
   3. |      2   50.30397 |
   4. |      3   50.30397 |
   5. |      4   50.30397 |
      |-------------------|
   6. |      5   50.30397 |
   7. |      6   50.30397 |
   8. |      7   50.30397 |
   9. |      8   50.30397 |
  10. |      9   50.30397 |
      |-------------------|
  11. |     10   50.30397 |
  12. |     11   50.30397 |
  13. |     12   50.30397 |
  14. |     13   50.30397 |
      +-------------------+

. di ""


. di "Point estimates:"
Point estimates:

. list Months b_emu b_eu7 if Months != .

      +-------------------------------+
      | Months      b_emu       b_eu7 |
      |-------------------------------|
   1. |      0    .183744    -.174636 |
   2. |      1   .3181779   -.0596747 |
   3. |      2   .4142943    .1213368 |
   4. |      3   .5997885    .2286402 |
   5. |      4   .7087654    .2551732 |
      |-------------------------------|
   6. |      5   .8806795    .2570644 |
   7. |      6    .963898    .6685594 |
   8. |      7   .8467717    .8900176 |
   9. |      8   .7295987    1.043341 |
  10. |      9   .8153446    .9827126 |
      |-------------------------------|
  11. |     10   .8905494    1.078435 |
  12. |     11   .7761794    1.322497 |
  13. |     12   .6181477    1.231429 |
  14. |     13    .423097    1.291782 |
      +-------------------------------+

. 
. * ── Overlay Plot ───────────────────────────────────────────────────────────
> ───
. twoway ///
>     (rarea u90_emu d90_emu Months,                               ///
>         fcolor(blue%15) lcolor(blue%15) lw(none))                ///
>     (rarea u68_emu d68_emu Months,                               ///
>         fcolor(blue%30) lcolor(blue%30) lw(none))                ///
>     (rarea u90_eu7 d90_eu7 Months,                               ///
>         fcolor(red%12) lcolor(red%12) lw(none))                  ///
>     (rarea u68_eu7 d68_eu7 Months,                               ///
>         fcolor(red%25) lcolor(red%25) lw(none))                  ///
>     (line b_emu Months,                                          ///
>         lcolor(blue) lpattern(solid) lwidth(thick))              ///
>     (line b_eu7 Months,                                          ///
>         lcolor(red) lpattern(dash) lwidth(thick))                ///
>     (line Zero Months,                                           ///
>         lcolor(black) lpattern(dash) lwidth(thin)),              ///
>     legend(order(                                                ///
>         5 "EMU20"                                                ///
>         6 "EU7 (Non-EMU)"                                        ///
>         2 "68% CI"                                               ///
>         1 "90% CI")                                              ///
>         size(small) rows(4) pos(5) ring(0))                      ///
>     title("Second-Round Pass-Through: EMU20 vs Non-EMU EU",      ///
>           color(black) size(medsmall))                           ///
>     ytitle("{&theta}{subscript:h}", size(medsmall))              ///
>     xtitle("Months after shock", size(medsmall))                 ///
>     xlabel(0(2)12) xscale(range(0 12))                           ///
>     ylabel(, labsize(small) format(%5.2f))                       ///
>     note("90% and 68% CI shown for both samples. Bartik IV: w{subscript:trad}
>  {&times} BH oil shock." ///
>          "12 lags. Country FE. vce(robust). EU7 NEER: bilateral EUR rate (ECB
> ).", ///
>          size(vsmall))                                           ///
>     graphregion(color(white))

. 
. gr rename g_lp_emu20_vs_eu7, replace
(note: graph g_lp_emu20_vs_eu7 not found)

. graph export "../output/figures/g_lp_emu20_vs_eu7.pdf", replace
file ../output/figures/g_lp_emu20_vs_eu7.pdf saved as PDF format

. 
. di ""


. di "Figure saved: output/figures/g_lp_emu20_vs_eu7.pdf"
Figure saved: output/figures/g_lp_emu20_vs_eu7.pdf

. 
end of do-file
