
  ___  ____  ____  ____  ____ ©
 /__    /   ____/   /   ____/      17.0
___/   /   /___/   /   /___/       SE—Standard Edition

 Statistics and Data Science       Copyright 1985-2021 StataCorp LLC
                                   StataCorp
                                   4905 Lakeway Drive
                                   College Station, Texas 77845 USA
                                   800-STATA-PC        https://www.stata.com
                                   979-696-4600        stata@stata.com

Stata license: 100-student lab perpetual
Serial number: 401706316154
  Licensed to: Zo Andriantomanga
               University of Wisconsin-Milwaukee

Notes:
      1. Stata is running in batch mode.
      2. Unicode is supported; see help unicode_advice.
      3. Maximum number of variables is set to 5,000; see help set_maxvar.

. do code/9.2_LP_sample_splits.do 

. 
. * Phase 6 — Pre vs Post COVID Sample Split (Extended Dataset)
. * Confirms the pre/post-2020 sample split results from 2.0_LP_samples.do
. * are stable on the extended EMU20 dataset (1998m1–2025m12, N=20 countries).
. *
. *   Full sample:   1998m1–2025m12 (N=20, T=336)
. *   Pre-COVID:     1998m1–2019m12 (T=264)
. *   Post-COVID:    2020m1–2025m12 (T=72, ~6 years)
. *
. * Restricted to EMU20 (emu==1) throughout.
. * Comparison with 2.0_LP_samples.do: same split, now on extended sample
. * with Greece included and full 2020-2025 post-COVID period.
. 
. cap cd code

. 
. clear all

. cap drop _all

. cap graph drop _all

. 
. *============================================================================
> ===
. * Graph Settings
. *============================================================================
> ===
. grstyle clear

. set scheme s2color

. grstyle init

. grstyle set plain, horizontal grid

. grstyle set symbol

. grstyle set legend 10, inside nobox

. 
. *============================================================================
> ===
. * Load panel — restrict to EMU20
. *============================================================================
> ===
. use "../data/clean/panel.dta"

. keep if emu == 1
(2,352 observations deleted)

. 
. egen id = group(code)

. sort code year month

. gen time = ym(year, month)

. format time %tm

. xtset id time

Panel variable: id (strongly balanced)
 Time variable: time, 1998m1 to 2025m12
         Delta: 1 month

. 
. *============================================================================
> ===
. * Variable Construction
. *============================================================================
> ===
. gen w_trad = w_food + w_clothing + w_furnishing + w_transport + w_alcohol

. 
. gen pi_trad = (pi_food        * w_food        ///
>              + pi_clothing    * w_clothing     ///
>              + pi_furnishing  * w_furnishing   ///
>              + pi_transport   * w_transport    ///
>              + pi_alcohol     * w_alcohol)     ///
>              / w_trad
(12 missing values generated)

. 
. gen w_nontrad = w_housing + w_health + w_education ///
>               + w_restaurants + w_other             ///
>               + w_communication + w_recreation

. 
. gen pi_nontrad = (pi_housing       * w_housing       ///
>                 + pi_health        * w_health        ///
>                 + pi_education     * w_education     ///
>                 + pi_restaurants   * w_restaurants   ///
>                 + pi_other         * w_other         ///
>                 + pi_communication * w_communication ///
>                 + pi_recreation    * w_recreation)   ///
>                 / w_nontrad
(47 missing values generated)

. 
. gen Z_bartik = w_trad * bh_oil_price_exp_shock
(640 missing values generated)

. label var Z_bartik "Bartik IV: w_trad x BH oil shock"

. 
. *============================================================================
> ===
. * LP Parameters
. *============================================================================
> ===
. global hmax = 13

. global lags  = 12

. 
. forv h = 0/$hmax {
  2.     gen pi_nt_h`h' = F`h'.pi_nontrad
  3.     label var pi_nt_h`h' "Non-Tradable Inflation, h=`h'"
  4. }
(47 missing values generated)
(65 missing values generated)
(83 missing values generated)
(101 missing values generated)
(119 missing values generated)
(137 missing values generated)
(155 missing values generated)
(173 missing values generated)
(191 missing values generated)
(209 missing values generated)
(227 missing values generated)
(245 missing values generated)
(263 missing values generated)
(282 missing values generated)

. 
. *============================================================================
> ===
. * IRF Storage
. *============================================================================
> ===
. cap drop Months Zero

. gen Months = _n - 1 if _n <= $hmax + 1
(6,706 missing values generated)

. gen Zero   = 0      if _n <= $hmax + 1
(6,706 missing values generated)

. 
. foreach stub in full pre post {
  2.     foreach v in b u90 d90 u68 d68 Fstat {
  3.         cap drop `v'_`stub'
  4.         gen `v'_`stub' = .
  5.     }
  6. }
(6,720 missing values generated)
(6,720 missing values generated)
(6,720 missing values generated)
(6,720 missing values generated)
(6,720 missing values generated)
(6,720 missing values generated)
(6,720 missing values generated)
(6,720 missing values generated)
(6,720 missing values generated)
(6,720 missing values generated)
(6,720 missing values generated)
(6,720 missing values generated)
(6,720 missing values generated)
(6,720 missing values generated)
(6,720 missing values generated)
(6,720 missing values generated)
(6,720 missing values generated)
(6,720 missing values generated)

. 
. *============================================================================
> ===
. * LP-IV: Full Sample
. *============================================================================
> ===
. qui forv h = 0/$hmax {

. di "KP F (Full sample): " Fstat_full[1]
KP F (Full sample): 208.57607

. 
. *============================================================================
> ===
. * LP-IV: Pre-COVID (year < 2020)
. *============================================================================
> ===
. qui forv h = 0/$hmax {

. di "KP F (Pre-2020):     " Fstat_pre[1]
KP F (Pre-2020):     132.88454

. 
. *============================================================================
> ===
. * LP-IV: Post-COVID (year >= 2020)
. * Note: only ~72 months of post-COVID data; KP F may be lower due to
. * fewer observations, and CIs will be wider. Flag if F < 10.
. *============================================================================
> ===
. qui forv h = 0/$hmax {

. di "KP F (Post-2020):    " Fstat_post[1]
KP F (Post-2020):    74.325226

. 
. *============================================================================
> ===
. * Diagnostics
. *============================================================================
> ===
. di ""


. di "KP F-statistics by sample:"
KP F-statistics by sample:

. list Months Fstat_full Fstat_pre Fstat_post if Months != .

      +-----------------------------------------+
      | Months   Fstat_~l   Fstat_~e   Fstat_~t |
      |-----------------------------------------|
   1. |      0   208.5761   132.8845   74.32523 |
   2. |      1   208.5761   132.8845   74.32523 |
   3. |      2   208.5761   132.8845   74.32523 |
   4. |      3   208.5761   132.8845   74.32523 |
   5. |      4   208.5761   132.8845   74.32523 |
      |-----------------------------------------|
   6. |      5   208.5761   132.8845   74.32523 |
   7. |      6   208.5761   132.8845   74.32523 |
   8. |      7   208.5761   132.8845   74.32523 |
   9. |      8   208.5761   132.8845   74.32523 |
  10. |      9   208.5761   132.8845   74.32523 |
      |-----------------------------------------|
  11. |     10   208.5761   132.8845   74.32523 |
  12. |     11   208.5761   132.8845   74.32523 |
  13. |     12   208.5761   132.8845   74.32523 |
  14. |     13   208.5761   132.8845   74.32523 |
      +-----------------------------------------+

. 
. di ""


. di "Point estimates:"
Point estimates:

. list Months b_full b_pre b_post if Months != .

      +-----------------------------------------+
      | Months     b_full      b_pre     b_post |
      |-----------------------------------------|
   1. |      0    .183744   .1377458   .1146936 |
   2. |      1   .3181779   .1458659   .1868819 |
   3. |      2   .4142943   .2131138   .2207694 |
   4. |      3   .5997885   .3047852   .4889871 |
   5. |      4   .7087654   .3437224   .5798736 |
      |-----------------------------------------|
   6. |      5   .8806795   .4573706   .7725434 |
   7. |      6    .963898   .4829414   1.166638 |
   8. |      7   .8467717   .3209289   1.383731 |
   9. |      8   .7295987   .2145659   1.334929 |
  10. |      9   .8153446   .2883634   1.360155 |
      |-----------------------------------------|
  11. |     10   .8905494   .3850765   1.427083 |
  12. |     11   .7761794   .2298468   1.360353 |
  13. |     12   .6181477   .0992303   1.292285 |
  14. |     13    .423097   -.292959   1.488305 |
      +-----------------------------------------+

. 
. *============================================================================
> ===
. * Save IRF data
. *============================================================================
> ===
. preserve

. keep if Months != .
(6,706 observations deleted)

. keep Months ///
>      b_full u90_full d90_full u68_full d68_full Fstat_full ///
>      b_pre  u90_pre  d90_pre  u68_pre  d68_pre  Fstat_pre  ///
>      b_post u90_post d90_post u68_post d68_post Fstat_post

. export delimited "../output/tables/irf_sample_splits.csv", replace
(file ../output/tables/irf_sample_splits.csv not found)
file ../output/tables/irf_sample_splits.csv saved

. restore

. 
. *============================================================================
> ===
. * Overlay Figure
. *============================================================================
> ===
. twoway ///
>     (rarea u90_full d90_full Months,                             ///
>         fcolor(blue%15) lcolor(blue%15) lw(none))                ///
>     (rarea u68_full d68_full Months,                             ///
>         fcolor(blue%30) lcolor(blue%30) lw(none))                ///
>     (line b_full Months,                                         ///
>         lcolor(blue) lpattern(solid) lwidth(thick))              ///
>     (line b_pre  Months,                                         ///
>         lcolor(gs6) lpattern(shortdash) lwidth(medthick))        ///
>     (line b_post Months,                                         ///
>         lcolor(cranberry) lpattern(dash) lwidth(medthick))       ///
>     (line Zero Months,                                           ///
>         lcolor(black) lpattern(dash) lwidth(thin)),              ///
>     legend(order(                                                 ///
>         3 "Full sample (1998–2025)"                              ///
>         4 "Pre-COVID (1998–2019)"                                ///
>         5 "Post-COVID (2020–2025)"                               ///
>         2 "68% CI (full)"                                        ///
>         1 "90% CI (full)")                                       ///
>         size(small) rows(5) pos(5) ring(0))                      ///
>     title("Sample Stability: Pre vs Post COVID",                  ///
>           color(black) size(medsmall))                           ///
>     ytitle("{&theta}{subscript:h}", size(medsmall))              ///
>     xtitle("Months after shock", size(medsmall))                 ///
>     xlabel(0(2)12) xscale(range(0 12))                           ///
>     ylabel(, labsize(small) format(%5.2f))                       ///
>     note("EMU20. Bartik IV: w{subscript:trad} {&times} BH oil shock. 12 lags.
>  Country FE. vce(robust)." ///
>          "CI bands shown for full sample only.", size(vsmall))   ///
>     graphregion(color(white))

. 
. gr rename g_sample_splits, replace
(note: graph g_sample_splits not found)

. graph export "../output/figures/g_sample_splits.pdf", replace
file ../output/figures/g_sample_splits.pdf saved as PDF format

. 
. di ""


. di "Figure saved: output/figures/g_sample_splits.pdf"
Figure saved: output/figures/g_sample_splits.pdf

. di "IRF data saved: output/tables/irf_sample_splits.csv"
IRF data saved: output/tables/irf_sample_splits.csv

. 
end of do-file
