
  ___  ____  ____  ____  ____ ©
 /__    /   ____/   /   ____/      17.0
___/   /   /___/   /   /___/       SE—Standard Edition

 Statistics and Data Science       Copyright 1985-2021 StataCorp LLC
                                   StataCorp
                                   4905 Lakeway Drive
                                   College Station, Texas 77845 USA
                                   800-STATA-PC        https://www.stata.com
                                   979-696-4600        stata@stata.com

Stata license: 100-student lab perpetual
Serial number: 401706316154
  Licensed to: Zo Andriantomanga
               University of Wisconsin-Milwaukee

Notes:
      1. Stata is running in batch mode.
      2. Unicode is supported; see help unicode_advice.
      3. Maximum number of variables is set to 5,000; see help set_maxvar.

. do code/7.1_LP_rob_instruments.do 
file code/7.1_LP_rob_instruments.do not found
r(601);
